<?xml version="1.0" encoding="UTF-8"?>
<!-- Generated by org.testng.reporters.JUnitReportReporter -->
<testsuite skipped="0" hostname="emins-mbp.lan" name="property_config.Proper" tests="1" failures="0" timestamp="11 Jul 2018 13:10:10 GMT" time="3.641" errors="0">
  <testcase name="login" time="3.641" classname="property_config.Proper"/>
</testsuite> <!-- property_config.Proper -->
